[ERROR] 2022-02-07 19:21:02.549 [http-nio-4447-exec-2] RecycleBinServiceImpl - Произошла ошибка 404 при выполнении запроса на получение списка RecycleBinDto
[ERROR] 2022-02-28 21:23:24.225 [http-nio-4447-exec-1] SalesChannelsServiceImpl - Произошла ошибка 404 при выполнении запроса на получение списка SalesChannelDto
[ERROR] 2022-02-28 21:32:16.800 [http-nio-4447-exec-9] SalesChannelsServiceImpl - Произошла ошибка 404 при выполнении запроса на получение списка SalesChannelDto
[ERROR] 2022-02-28 21:48:58.849 [http-nio-4447-exec-6] SalesChannelsServiceImpl - Произошла ошибка 404 при выполнении запроса на получение списка SalesChannelDto
[ERROR] 2022-03-01 00:07:11.875 [http-nio-4447-exec-5] SalesChannelsServiceImpl - Произошла ошибка 404 при выполнении запроса на получение списка SalesChannelDto
[ERROR] 2022-03-01 00:41:24.749 [http-nio-4447-exec-1] SalesChannelsServiceImpl - Произошла ошибка 404 при выполнении запроса на получение списка SalesChannelDto
[ERROR] 2022-03-03 15:55:12.565 [http-nio-4447-exec-8] SalesChannelsServiceImpl - Произошла ошибка 404 при выполнении запроса на получение списка SalesChannelDto
[ERROR] 2022-03-08 20:27:31.048 [http-nio-4447-exec-6] RecycleBinServiceImpl - Произошла ошибка 404 при выполнении запроса на получение списка RecycleBinDto
[ERROR] 2022-03-08 20:56:45.307 [http-nio-4447-exec-6] RecycleBinServiceImpl - Произошла ошибка 404 при выполнении запроса на получение списка RecycleBinDto
[ERROR] 2022-03-11 01:14:28.184 [http-nio-4447-exec-3] DadataServiceImpl - Произошла ошибка при выполнении запроса на получение данных по ИНН 
java.net.UnknownHostException: Этот хост неизвестен (suggestions.dadata.ru)
	at java.net.Inet6AddressImpl.lookupAllHostAddr(Native Method) ~[?:?]
	at java.net.InetAddress$PlatformNameService.lookupAllHostAddr(InetAddress.java:929) ~[?:?]
	at java.net.InetAddress.getAddressesFromNameService(InetAddress.java:1515) ~[?:?]
	at java.net.InetAddress$NameServiceAddresses.get(InetAddress.java:848) ~[?:?]
	at java.net.InetAddress.getAllByName0(InetAddress.java:1505) ~[?:?]
	at java.net.InetAddress.getAllByName(InetAddress.java:1364) ~[?:?]
	at java.net.InetAddress.getAllByName(InetAddress.java:1298) ~[?:?]
	at okhttp3.Dns.lambda$static$0(Dns.java:39) ~[okhttp-3.14.9.jar:?]
	at okhttp3.internal.connection.RouteSelector.resetNextInetSocketAddress(RouteSelector.java:171) ~[okhttp-3.14.9.jar:?]
	at okhttp3.internal.connection.RouteSelector.nextProxy(RouteSelector.java:135) ~[okhttp-3.14.9.jar:?]
	at okhttp3.internal.connection.RouteSelector.next(RouteSelector.java:84) ~[okhttp-3.14.9.jar:?]
	at okhttp3.internal.connection.ExchangeFinder.findConnection(ExchangeFinder.java:187) ~[okhttp-3.14.9.jar:?]
	at okhttp3.internal.connection.ExchangeFinder.findHealthyConnection(ExchangeFinder.java:108) ~[okhttp-3.14.9.jar:?]
	at okhttp3.internal.connection.ExchangeFinder.find(ExchangeFinder.java:88) ~[okhttp-3.14.9.jar:?]
	at okhttp3.internal.connection.Transmitter.newExchange(Transmitter.java:169) ~[okhttp-3.14.9.jar:?]
	at okhttp3.internal.connection.ConnectInterceptor.intercept(ConnectInterceptor.java:41) ~[okhttp-3.14.9.jar:?]
	at okhttp3.internal.http.RealInterceptorChain.proceed(RealInterceptorChain.java:142) ~[okhttp-3.14.9.jar:?]
	at okhttp3.internal.http.RealInterceptorChain.proceed(RealInterceptorChain.java:117) ~[okhttp-3.14.9.jar:?]
	at okhttp3.internal.cache.CacheInterceptor.intercept(CacheInterceptor.java:94) ~[okhttp-3.14.9.jar:?]
	at okhttp3.internal.http.RealInterceptorChain.proceed(RealInterceptorChain.java:142) ~[okhttp-3.14.9.jar:?]
	at okhttp3.internal.http.RealInterceptorChain.proceed(RealInterceptorChain.java:117) ~[okhttp-3.14.9.jar:?]
	at okhttp3.internal.http.BridgeInterceptor.intercept(BridgeInterceptor.java:93) ~[okhttp-3.14.9.jar:?]
	at okhttp3.internal.http.RealInterceptorChain.proceed(RealInterceptorChain.java:142) ~[okhttp-3.14.9.jar:?]
	at okhttp3.internal.http.RetryAndFollowUpInterceptor.intercept(RetryAndFollowUpInterceptor.java:88) ~[okhttp-3.14.9.jar:?]
	at okhttp3.internal.http.RealInterceptorChain.proceed(RealInterceptorChain.java:142) ~[okhttp-3.14.9.jar:?]
	at okhttp3.internal.http.RealInterceptorChain.proceed(RealInterceptorChain.java:117) ~[okhttp-3.14.9.jar:?]
	at okhttp3.RealCall.getResponseWithInterceptorChain(RealCall.java:229) ~[okhttp-3.14.9.jar:?]
	at okhttp3.RealCall.execute(RealCall.java:81) ~[okhttp-3.14.9.jar:?]
	at retrofit2.OkHttpCall.execute(OkHttpCall.java:204) ~[retrofit-2.9.0.jar:?]
	at com.warehouse_accounting.services.impl.DadataServiceImpl.getExample(DadataServiceImpl.java:37) ~[classes/:?]
	at com.warehouse_accounting.components.contragents.form.FormNewContragent.lambda$leftGroupButtonLayout$2f54d9f7$1(FormNewContragent.java:125) ~[classes/:?]
	at com.vaadin.flow.component.ComponentEventBus.fireEventForListener(ComponentEventBus.java:205) ~[flow-server-2.4.4.jar:2.4.4]
	at com.vaadin.flow.component.ComponentEventBus.handleDomEvent(ComponentEventBus.java:373) ~[flow-server-2.4.4.jar:2.4.4]
	at com.vaadin.flow.component.ComponentEventBus.lambda$addDomTrigger$dd1b7957$1(ComponentEventBus.java:264) ~[flow-server-2.4.4.jar:2.4.4]
	at com.vaadin.flow.internal.nodefeature.ElementListenerMap.lambda$fireEvent$2(ElementListenerMap.java:441) ~[flow-server-2.4.4.jar:2.4.4]
	at java.util.ArrayList.forEach(ArrayList.java:1541) ~[?:?]
	at com.vaadin.flow.internal.nodefeature.ElementListenerMap.fireEvent(ElementListenerMap.java:441) ~[flow-server-2.4.4.jar:2.4.4]
	at com.vaadin.flow.server.communication.rpc.EventRpcHandler.handleNode(EventRpcHandler.java:59) ~[flow-server-2.4.4.jar:2.4.4]
	at com.vaadin.flow.server.communication.rpc.AbstractRpcInvocationHandler.handle(AbstractRpcInvocationHandler.java:64) ~[flow-server-2.4.4.jar:2.4.4]
	at com.vaadin.flow.server.communication.ServerRpcHandler.handleInvocationData(ServerRpcHandler.java:409) ~[flow-server-2.4.4.jar:2.4.4]
	at com.vaadin.flow.server.communication.ServerRpcHandler.lambda$handleInvocations$1(ServerRpcHandler.java:390) ~[flow-server-2.4.4.jar:2.4.4]
	at java.util.ArrayList.forEach(ArrayList.java:1541) [?:?]
	at com.vaadin.flow.server.communication.ServerRpcHandler.handleInvocations(ServerRpcHandler.java:390) [flow-server-2.4.4.jar:2.4.4]
	at com.vaadin.flow.server.communication.ServerRpcHandler.handleRpc(ServerRpcHandler.java:317) [flow-server-2.4.4.jar:2.4.4]
	at com.vaadin.flow.server.communication.UidlRequestHandler.synchronizedHandleRequest(UidlRequestHandler.java:89) [flow-server-2.4.4.jar:2.4.4]
	at com.vaadin.flow.server.SynchronizedRequestHandler.handleRequest(SynchronizedRequestHandler.java:40) [flow-server-2.4.4.jar:2.4.4]
	at com.vaadin.flow.server.VaadinService.handleRequest(VaadinService.java:1545) [flow-server-2.4.4.jar:2.4.4]
	at com.vaadin.flow.server.VaadinServlet.service(VaadinServlet.java:247) [flow-server-2.4.4.jar:2.4.4]
	at com.vaadin.flow.spring.SpringServlet.service(SpringServlet.java:111) [vaadin-spring-12.3.2.jar:?]
	at javax.servlet.http.HttpServlet.service(HttpServlet.java:733) [tomcat-embed-core-9.0.41.jar:4.0.FR]
	at org.apache.catalina.core.ApplicationFilterChain.internalDoFilter(ApplicationFilterChain.java:231) [tomcat-embed-core-9.0.41.jar:9.0.41]
	at org.apache.catalina.core.ApplicationFilterChain.doFilter(ApplicationFilterChain.java:166) [tomcat-embed-core-9.0.41.jar:9.0.41]
	at org.apache.catalina.core.ApplicationDispatcher.invoke(ApplicationDispatcher.java:712) [tomcat-embed-core-9.0.41.jar:9.0.41]
	at org.apache.catalina.core.ApplicationDispatcher.processRequest(ApplicationDispatcher.java:459) [tomcat-embed-core-9.0.41.jar:9.0.41]
	at org.apache.catalina.core.ApplicationDispatcher.doForward(ApplicationDispatcher.java:352) [tomcat-embed-core-9.0.41.jar:9.0.41]
	at org.apache.catalina.core.ApplicationDispatcher.forward(ApplicationDispatcher.java:312) [tomcat-embed-core-9.0.41.jar:9.0.41]
	at org.springframework.web.servlet.mvc.ServletForwardingController.handleRequestInternal(ServletForwardingController.java:141) [spring-webmvc-5.3.3.jar:5.3.3]
	at org.springframework.web.servlet.mvc.AbstractController.handleRequest(AbstractController.java:177) [spring-webmvc-5.3.3.jar:5.3.3]
	at org.springframework.web.servlet.mvc.SimpleControllerHandlerAdapter.handle(SimpleControllerHandlerAdapter.java:52) [spring-webmvc-5.3.3.jar:5.3.3]
	at org.springframework.web.servlet.DispatcherServlet.doDispatch(DispatcherServlet.java:1060) [spring-webmvc-5.3.3.jar:5.3.3]
	at org.springframework.web.servlet.DispatcherServlet.doService(DispatcherServlet.java:962) [spring-webmvc-5.3.3.jar:5.3.3]
	at org.springframework.web.servlet.FrameworkServlet.processRequest(FrameworkServlet.java:1006) [spring-webmvc-5.3.3.jar:5.3.3]
	at org.springframework.web.servlet.FrameworkServlet.doPost(FrameworkServlet.java:909) [spring-webmvc-5.3.3.jar:5.3.3]
	at javax.servlet.http.HttpServlet.service(HttpServlet.java:652) [tomcat-embed-core-9.0.41.jar:4.0.FR]
	at org.springframework.web.servlet.FrameworkServlet.service(FrameworkServlet.java:883) [spring-webmvc-5.3.3.jar:5.3.3]
	at javax.servlet.http.HttpServlet.service(HttpServlet.java:733) [tomcat-embed-core-9.0.41.jar:4.0.FR]
	at org.apache.catalina.core.ApplicationFilterChain.internalDoFilter(ApplicationFilterChain.java:231) [tomcat-embed-core-9.0.41.jar:9.0.41]
	at org.apache.catalina.core.ApplicationFilterChain.doFilter(ApplicationFilterChain.java:166) [tomcat-embed-core-9.0.41.jar:9.0.41]
	at org.apache.tomcat.websocket.server.WsFilter.doFilter(WsFilter.java:53) [tomcat-embed-websocket-9.0.41.jar:9.0.41]
	at org.apache.catalina.core.ApplicationFilterChain.internalDoFilter(ApplicationFilterChain.java:193) [tomcat-embed-core-9.0.41.jar:9.0.41]
	at org.apache.catalina.core.ApplicationFilterChain.doFilter(ApplicationFilterChain.java:166) [tomcat-embed-core-9.0.41.jar:9.0.41]
	at org.springframework.web.filter.RequestContextFilter.doFilterInternal(RequestContextFilter.java:100) [spring-web-5.3.3.jar:5.3.3]
	at org.springframework.web.filter.OncePerRequestFilter.doFilter(OncePerRequestFilter.java:119) [spring-web-5.3.3.jar:5.3.3]
	at org.apache.catalina.core.ApplicationFilterChain.internalDoFilter(ApplicationFilterChain.java:193) [tomcat-embed-core-9.0.41.jar:9.0.41]
	at org.apache.catalina.core.ApplicationFilterChain.doFilter(ApplicationFilterChain.java:166) [tomcat-embed-core-9.0.41.jar:9.0.41]
	at org.springframework.web.filter.FormContentFilter.doFilterInternal(FormContentFilter.java:93) [spring-web-5.3.3.jar:5.3.3]
	at org.springframework.web.filter.OncePerRequestFilter.doFilter(OncePerRequestFilter.java:119) [spring-web-5.3.3.jar:5.3.3]
	at org.apache.catalina.core.ApplicationFilterChain.internalDoFilter(ApplicationFilterChain.java:193) [tomcat-embed-core-9.0.41.jar:9.0.41]
	at org.apache.catalina.core.ApplicationFilterChain.doFilter(ApplicationFilterChain.java:166) [tomcat-embed-core-9.0.41.jar:9.0.41]
	at org.springframework.web.filter.CharacterEncodingFilter.doFilterInternal(CharacterEncodingFilter.java:201) [spring-web-5.3.3.jar:5.3.3]
	at org.springframework.web.filter.OncePerRequestFilter.doFilter(OncePerRequestFilter.java:119) [spring-web-5.3.3.jar:5.3.3]
	at org.apache.catalina.core.ApplicationFilterChain.internalDoFilter(ApplicationFilterChain.java:193) [tomcat-embed-core-9.0.41.jar:9.0.41]
	at org.apache.catalina.core.ApplicationFilterChain.doFilter(ApplicationFilterChain.java:166) [tomcat-embed-core-9.0.41.jar:9.0.41]
	at org.apache.catalina.core.StandardWrapperValve.invoke(StandardWrapperValve.java:202) [tomcat-embed-core-9.0.41.jar:9.0.41]
	at org.apache.catalina.core.StandardContextValve.invoke(StandardContextValve.java:97) [tomcat-embed-core-9.0.41.jar:9.0.41]
	at org.apache.catalina.authenticator.AuthenticatorBase.invoke(AuthenticatorBase.java:542) [tomcat-embed-core-9.0.41.jar:9.0.41]
	at org.apache.catalina.core.StandardHostValve.invoke(StandardHostValve.java:143) [tomcat-embed-core-9.0.41.jar:9.0.41]
	at org.apache.catalina.valves.ErrorReportValve.invoke(ErrorReportValve.java:92) [tomcat-embed-core-9.0.41.jar:9.0.41]
	at org.apache.catalina.core.StandardEngineValve.invoke(StandardEngineValve.java:78) [tomcat-embed-core-9.0.41.jar:9.0.41]
	at org.apache.catalina.connector.CoyoteAdapter.service(CoyoteAdapter.java:343) [tomcat-embed-core-9.0.41.jar:9.0.41]
	at org.apache.coyote.http11.Http11Processor.service(Http11Processor.java:374) [tomcat-embed-core-9.0.41.jar:9.0.41]
	at org.apache.coyote.AbstractProcessorLight.process(AbstractProcessorLight.java:65) [tomcat-embed-core-9.0.41.jar:9.0.41]
	at org.apache.coyote.AbstractProtocol$ConnectionHandler.process(AbstractProtocol.java:888) [tomcat-embed-core-9.0.41.jar:9.0.41]
	at org.apache.tomcat.util.net.NioEndpoint$SocketProcessor.doRun(NioEndpoint.java:1597) [tomcat-embed-core-9.0.41.jar:9.0.41]
	at org.apache.tomcat.util.net.SocketProcessorBase.run(SocketProcessorBase.java:49) [tomcat-embed-core-9.0.41.jar:9.0.41]
	at java.util.concurrent.ThreadPoolExecutor.runWorker(ThreadPoolExecutor.java:1128) [?:?]
	at java.util.concurrent.ThreadPoolExecutor$Worker.run(ThreadPoolExecutor.java:628) [?:?]
	at org.apache.tomcat.util.threads.TaskThread$WrappingRunnable.run(TaskThread.java:61) [tomcat-embed-core-9.0.41.jar:9.0.41]
	at java.lang.Thread.run(Thread.java:834) [?:?]
[ERROR] 2022-02-28 21:23:24.225 [http-nio-4447-exec-1] SalesChannelsServiceImpl - Произошла ошибка 404 при выполнении запроса на получение списка SalesChannelDto
[ERROR] 2022-02-28 21:32:16.800 [http-nio-4447-exec-9] SalesChannelsServiceImpl - Произошла ошибка 404 при выполнении запроса на получение списка SalesChannelDto
[ERROR] 2022-02-28 21:48:58.849 [http-nio-4447-exec-6] SalesChannelsServiceImpl - Произошла ошибка 404 при выполнении запроса на получение списка SalesChannelDto
[ERROR] 2022-03-01 00:07:11.875 [http-nio-4447-exec-5] SalesChannelsServiceImpl - Произошла ошибка 404 при выполнении запроса на получение списка SalesChannelDto
[ERROR] 2022-03-01 00:41:24.749 [http-nio-4447-exec-1] SalesChannelsServiceImpl - Произошла ошибка 404 при выполнении запроса на получение списка SalesChannelDto
[ERROR] 2022-03-03 15:55:12.565 [http-nio-4447-exec-8] SalesChannelsServiceImpl - Произошла ошибка 404 при выполнении запроса на получение списка SalesChannelDto
[ERROR] 2022-03-08 20:27:31.048 [http-nio-4447-exec-6] RecycleBinServiceImpl - Произошла ошибка 404 при выполнении запроса на получение списка RecycleBinDto
[ERROR] 2022-03-08 20:56:45.307 [http-nio-4447-exec-6] RecycleBinServiceImpl - Произошла ошибка 404 при выполнении запроса на получение списка RecycleBinDto
[ERROR] 2022-03-11 01:14:28.184 [http-nio-4447-exec-3] DadataServiceImpl - Произошла ошибка при выполнении запроса на получение данных по ИНН 
java.net.UnknownHostException: Этот хост неизвестен (suggestions.dadata.ru)
	at java.net.Inet6AddressImpl.lookupAllHostAddr(Native Method) ~[?:?]
	at java.net.InetAddress$PlatformNameService.lookupAllHostAddr(InetAddress.java:929) ~[?:?]
	at java.net.InetAddress.getAddressesFromNameService(InetAddress.java:1515) ~[?:?]
	at java.net.InetAddress$NameServiceAddresses.get(InetAddress.java:848) ~[?:?]
	at java.net.InetAddress.getAllByName0(InetAddress.java:1505) ~[?:?]
	at java.net.InetAddress.getAllByName(InetAddress.java:1364) ~[?:?]
	at java.net.InetAddress.getAllByName(InetAddress.java:1298) ~[?:?]
	at okhttp3.Dns.lambda$static$0(Dns.java:39) ~[okhttp-3.14.9.jar:?]
	at okhttp3.internal.connection.RouteSelector.resetNextInetSocketAddress(RouteSelector.java:171) ~[okhttp-3.14.9.jar:?]
	at okhttp3.internal.connection.RouteSelector.nextProxy(RouteSelector.java:135) ~[okhttp-3.14.9.jar:?]
	at okhttp3.internal.connection.RouteSelector.next(RouteSelector.java:84) ~[okhttp-3.14.9.jar:?]
	at okhttp3.internal.connection.ExchangeFinder.findConnection(ExchangeFinder.java:187) ~[okhttp-3.14.9.jar:?]
	at okhttp3.internal.connection.ExchangeFinder.findHealthyConnection(ExchangeFinder.java:108) ~[okhttp-3.14.9.jar:?]
	at okhttp3.internal.connection.ExchangeFinder.find(ExchangeFinder.java:88) ~[okhttp-3.14.9.jar:?]
	at okhttp3.internal.connection.Transmitter.newExchange(Transmitter.java:169) ~[okhttp-3.14.9.jar:?]
	at okhttp3.internal.connection.ConnectInterceptor.intercept(ConnectInterceptor.java:41) ~[okhttp-3.14.9.jar:?]
	at okhttp3.internal.http.RealInterceptorChain.proceed(RealInterceptorChain.java:142) ~[okhttp-3.14.9.jar:?]
	at okhttp3.internal.http.RealInterceptorChain.proceed(RealInterceptorChain.java:117) ~[okhttp-3.14.9.jar:?]
	at okhttp3.internal.cache.CacheInterceptor.intercept(CacheInterceptor.java:94) ~[okhttp-3.14.9.jar:?]
	at okhttp3.internal.http.RealInterceptorChain.proceed(RealInterceptorChain.java:142) ~[okhttp-3.14.9.jar:?]
	at okhttp3.internal.http.RealInterceptorChain.proceed(RealInterceptorChain.java:117) ~[okhttp-3.14.9.jar:?]
	at okhttp3.internal.http.BridgeInterceptor.intercept(BridgeInterceptor.java:93) ~[okhttp-3.14.9.jar:?]
	at okhttp3.internal.http.RealInterceptorChain.proceed(RealInterceptorChain.java:142) ~[okhttp-3.14.9.jar:?]
	at okhttp3.internal.http.RetryAndFollowUpInterceptor.intercept(RetryAndFollowUpInterceptor.java:88) ~[okhttp-3.14.9.jar:?]
	at okhttp3.internal.http.RealInterceptorChain.proceed(RealInterceptorChain.java:142) ~[okhttp-3.14.9.jar:?]
	at okhttp3.internal.http.RealInterceptorChain.proceed(RealInterceptorChain.java:117) ~[okhttp-3.14.9.jar:?]
	at okhttp3.RealCall.getResponseWithInterceptorChain(RealCall.java:229) ~[okhttp-3.14.9.jar:?]
	at okhttp3.RealCall.execute(RealCall.java:81) ~[okhttp-3.14.9.jar:?]
	at retrofit2.OkHttpCall.execute(OkHttpCall.java:204) ~[retrofit-2.9.0.jar:?]
	at com.warehouse_accounting.services.impl.DadataServiceImpl.getExample(DadataServiceImpl.java:37) ~[classes/:?]
	at com.warehouse_accounting.components.contragents.form.FormNewContragent.lambda$leftGroupButtonLayout$2f54d9f7$1(FormNewContragent.java:125) ~[classes/:?]
	at com.vaadin.flow.component.ComponentEventBus.fireEventForListener(ComponentEventBus.java:205) ~[flow-server-2.4.4.jar:2.4.4]
	at com.vaadin.flow.component.ComponentEventBus.handleDomEvent(ComponentEventBus.java:373) ~[flow-server-2.4.4.jar:2.4.4]
	at com.vaadin.flow.component.ComponentEventBus.lambda$addDomTrigger$dd1b7957$1(ComponentEventBus.java:264) ~[flow-server-2.4.4.jar:2.4.4]
	at com.vaadin.flow.internal.nodefeature.ElementListenerMap.lambda$fireEvent$2(ElementListenerMap.java:441) ~[flow-server-2.4.4.jar:2.4.4]
	at java.util.ArrayList.forEach(ArrayList.java:1541) ~[?:?]
	at com.vaadin.flow.internal.nodefeature.ElementListenerMap.fireEvent(ElementListenerMap.java:441) ~[flow-server-2.4.4.jar:2.4.4]
	at com.vaadin.flow.server.communication.rpc.EventRpcHandler.handleNode(EventRpcHandler.java:59) ~[flow-server-2.4.4.jar:2.4.4]
	at com.vaadin.flow.server.communication.rpc.AbstractRpcInvocationHandler.handle(AbstractRpcInvocationHandler.java:64) ~[flow-server-2.4.4.jar:2.4.4]
	at com.vaadin.flow.server.communication.ServerRpcHandler.handleInvocationData(ServerRpcHandler.java:409) ~[flow-server-2.4.4.jar:2.4.4]
	at com.vaadin.flow.server.communication.ServerRpcHandler.lambda$handleInvocations$1(ServerRpcHandler.java:390) ~[flow-server-2.4.4.jar:2.4.4]
	at java.util.ArrayList.forEach(ArrayList.java:1541) [?:?]
	at com.vaadin.flow.server.communication.ServerRpcHandler.handleInvocations(ServerRpcHandler.java:390) [flow-server-2.4.4.jar:2.4.4]
	at com.vaadin.flow.server.communication.ServerRpcHandler.handleRpc(ServerRpcHandler.java:317) [flow-server-2.4.4.jar:2.4.4]
	at com.vaadin.flow.server.communication.UidlRequestHandler.synchronizedHandleRequest(UidlRequestHandler.java:89) [flow-server-2.4.4.jar:2.4.4]
	at com.vaadin.flow.server.SynchronizedRequestHandler.handleRequest(SynchronizedRequestHandler.java:40) [flow-server-2.4.4.jar:2.4.4]
	at com.vaadin.flow.server.VaadinService.handleRequest(VaadinService.java:1545) [flow-server-2.4.4.jar:2.4.4]
	at com.vaadin.flow.server.VaadinServlet.service(VaadinServlet.java:247) [flow-server-2.4.4.jar:2.4.4]
	at com.vaadin.flow.spring.SpringServlet.service(SpringServlet.java:111) [vaadin-spring-12.3.2.jar:?]
	at javax.servlet.http.HttpServlet.service(HttpServlet.java:733) [tomcat-embed-core-9.0.41.jar:4.0.FR]
	at org.apache.catalina.core.ApplicationFilterChain.internalDoFilter(ApplicationFilterChain.java:231) [tomcat-embed-core-9.0.41.jar:9.0.41]
	at org.apache.catalina.core.ApplicationFilterChain.doFilter(ApplicationFilterChain.java:166) [tomcat-embed-core-9.0.41.jar:9.0.41]
	at org.apache.catalina.core.ApplicationDispatcher.invoke(ApplicationDispatcher.java:712) [tomcat-embed-core-9.0.41.jar:9.0.41]
	at org.apache.catalina.core.ApplicationDispatcher.processRequest(ApplicationDispatcher.java:459) [tomcat-embed-core-9.0.41.jar:9.0.41]
	at org.apache.catalina.core.ApplicationDispatcher.doForward(ApplicationDispatcher.java:352) [tomcat-embed-core-9.0.41.jar:9.0.41]
	at org.apache.catalina.core.ApplicationDispatcher.forward(ApplicationDispatcher.java:312) [tomcat-embed-core-9.0.41.jar:9.0.41]
	at org.springframework.web.servlet.mvc.ServletForwardingController.handleRequestInternal(ServletForwardingController.java:141) [spring-webmvc-5.3.3.jar:5.3.3]
	at org.springframework.web.servlet.mvc.AbstractController.handleRequest(AbstractController.java:177) [spring-webmvc-5.3.3.jar:5.3.3]
	at org.springframework.web.servlet.mvc.SimpleControllerHandlerAdapter.handle(SimpleControllerHandlerAdapter.java:52) [spring-webmvc-5.3.3.jar:5.3.3]
	at org.springframework.web.servlet.DispatcherServlet.doDispatch(DispatcherServlet.java:1060) [spring-webmvc-5.3.3.jar:5.3.3]
	at org.springframework.web.servlet.DispatcherServlet.doService(DispatcherServlet.java:962) [spring-webmvc-5.3.3.jar:5.3.3]
	at org.springframework.web.servlet.FrameworkServlet.processRequest(FrameworkServlet.java:1006) [spring-webmvc-5.3.3.jar:5.3.3]
	at org.springframework.web.servlet.FrameworkServlet.doPost(FrameworkServlet.java:909) [spring-webmvc-5.3.3.jar:5.3.3]
	at javax.servlet.http.HttpServlet.service(HttpServlet.java:652) [tomcat-embed-core-9.0.41.jar:4.0.FR]
	at org.springframework.web.servlet.FrameworkServlet.service(FrameworkServlet.java:883) [spring-webmvc-5.3.3.jar:5.3.3]
	at javax.servlet.http.HttpServlet.service(HttpServlet.java:733) [tomcat-embed-core-9.0.41.jar:4.0.FR]
	at org.apache.catalina.core.ApplicationFilterChain.internalDoFilter(ApplicationFilterChain.java:231) [tomcat-embed-core-9.0.41.jar:9.0.41]
	at org.apache.catalina.core.ApplicationFilterChain.doFilter(ApplicationFilterChain.java:166) [tomcat-embed-core-9.0.41.jar:9.0.41]
	at org.apache.tomcat.websocket.server.WsFilter.doFilter(WsFilter.java:53) [tomcat-embed-websocket-9.0.41.jar:9.0.41]
	at org.apache.catalina.core.ApplicationFilterChain.internalDoFilter(ApplicationFilterChain.java:193) [tomcat-embed-core-9.0.41.jar:9.0.41]
	at org.apache.catalina.core.ApplicationFilterChain.doFilter(ApplicationFilterChain.java:166) [tomcat-embed-core-9.0.41.jar:9.0.41]
	at org.springframework.web.filter.RequestContextFilter.doFilterInternal(RequestContextFilter.java:100) [spring-web-5.3.3.jar:5.3.3]
	at org.springframework.web.filter.OncePerRequestFilter.doFilter(OncePerRequestFilter.java:119) [spring-web-5.3.3.jar:5.3.3]
	at org.apache.catalina.core.ApplicationFilterChain.internalDoFilter(ApplicationFilterChain.java:193) [tomcat-embed-core-9.0.41.jar:9.0.41]
	at org.apache.catalina.core.ApplicationFilterChain.doFilter(ApplicationFilterChain.java:166) [tomcat-embed-core-9.0.41.jar:9.0.41]
	at org.springframework.web.filter.FormContentFilter.doFilterInternal(FormContentFilter.java:93) [spring-web-5.3.3.jar:5.3.3]
	at org.springframework.web.filter.OncePerRequestFilter.doFilter(OncePerRequestFilter.java:119) [spring-web-5.3.3.jar:5.3.3]
	at org.apache.catalina.core.ApplicationFilterChain.internalDoFilter(ApplicationFilterChain.java:193) [tomcat-embed-core-9.0.41.jar:9.0.41]
	at org.apache.catalina.core.ApplicationFilterChain.doFilter(ApplicationFilterChain.java:166) [tomcat-embed-core-9.0.41.jar:9.0.41]
	at org.springframework.web.filter.CharacterEncodingFilter.doFilterInternal(CharacterEncodingFilter.java:201) [spring-web-5.3.3.jar:5.3.3]
	at org.springframework.web.filter.OncePerRequestFilter.doFilter(OncePerRequestFilter.java:119) [spring-web-5.3.3.jar:5.3.3]
	at org.apache.catalina.core.ApplicationFilterChain.internalDoFilter(ApplicationFilterChain.java:193) [tomcat-embed-core-9.0.41.jar:9.0.41]
	at org.apache.catalina.core.ApplicationFilterChain.doFilter(ApplicationFilterChain.java:166) [tomcat-embed-core-9.0.41.jar:9.0.41]
	at org.apache.catalina.core.StandardWrapperValve.invoke(StandardWrapperValve.java:202) [tomcat-embed-core-9.0.41.jar:9.0.41]
	at org.apache.catalina.core.StandardContextValve.invoke(StandardContextValve.java:97) [tomcat-embed-core-9.0.41.jar:9.0.41]
	at org.apache.catalina.authenticator.AuthenticatorBase.invoke(AuthenticatorBase.java:542) [tomcat-embed-core-9.0.41.jar:9.0.41]
	at org.apache.catalina.core.StandardHostValve.invoke(StandardHostValve.java:143) [tomcat-embed-core-9.0.41.jar:9.0.41]
	at org.apache.catalina.valves.ErrorReportValve.invoke(ErrorReportValve.java:92) [tomcat-embed-core-9.0.41.jar:9.0.41]
	at org.apache.catalina.core.StandardEngineValve.invoke(StandardEngineValve.java:78) [tomcat-embed-core-9.0.41.jar:9.0.41]
	at org.apache.catalina.connector.CoyoteAdapter.service(CoyoteAdapter.java:343) [tomcat-embed-core-9.0.41.jar:9.0.41]
	at org.apache.coyote.http11.Http11Processor.service(Http11Processor.java:374) [tomcat-embed-core-9.0.41.jar:9.0.41]
	at org.apache.coyote.AbstractProcessorLight.process(AbstractProcessorLight.java:65) [tomcat-embed-core-9.0.41.jar:9.0.41]
	at org.apache.coyote.AbstractProtocol$ConnectionHandler.process(AbstractProtocol.java:888) [tomcat-embed-core-9.0.41.jar:9.0.41]
	at org.apache.tomcat.util.net.NioEndpoint$SocketProcessor.doRun(NioEndpoint.java:1597) [tomcat-embed-core-9.0.41.jar:9.0.41]
	at org.apache.tomcat.util.net.SocketProcessorBase.run(SocketProcessorBase.java:49) [tomcat-embed-core-9.0.41.jar:9.0.41]
	at java.util.concurrent.ThreadPoolExecutor.runWorker(ThreadPoolExecutor.java:1128) [?:?]
	at java.util.concurrent.ThreadPoolExecutor$Worker.run(ThreadPoolExecutor.java:628) [?:?]
	at org.apache.tomcat.util.threads.TaskThread$WrappingRunnable.run(TaskThread.java:61) [tomcat-embed-core-9.0.41.jar:9.0.41]
	at java.lang.Thread.run(Thread.java:834) [?:?]
